<?xml version="1.0" encoding="UTF-8"?>
<!-- Generated by org.testng.reporters.JUnitReportReporter -->
<testsuite skipped="0" hostname="DESKTOP-JETEBKU" name="com.jbk.LoginTest" tests="1" failures="0" timestamp="08 Apr 2022 14:58:15 GMT" time="5.011" errors="0">
  <testcase name="test01" time="5.011" classname="com.jbk.LoginTest"/>
</testsuite> <!-- com.jbk.LoginTest -->
