<?xml version="1.0" encoding="UTF-8"?>
<!-- Generated by org.testng.reporters.JUnitReportReporter -->
<testsuite skipped="0" hostname="DESKTOP-JETEBKU" name="com.jbk.LoginNewTest" tests="2" failures="0" timestamp="09 Apr 2022 14:50:19 GMT" time="1.941" errors="0">
  <testcase name="IncorrectUnametestcase" time="0.520" classname="com.jbk.LoginNewTest"/>
  <testcase name="logintestcases" time="1.421" classname="com.jbk.LoginNewTest"/>
</testsuite> <!-- com.jbk.LoginNewTest -->
