<?xml version="1.0" encoding="UTF-8"?>
<!-- Generated by org.testng.reporters.JUnitReportReporter -->
<testsuite skipped="0" hostname="DESKTOP-JETEBKU" name="com.jbk.LoginNewTest" tests="2" failures="0" timestamp="15 Apr 2022 08:26:57 GMT" time="4.798" errors="0">
  <testcase name="IncorrectUnametestcase" time="3.556" classname="com.jbk.LoginNewTest"/>
  <testcase name="logintestcases" time="1.242" classname="com.jbk.LoginNewTest"/>
</testsuite> <!-- com.jbk.LoginNewTest -->
