<?xml version="1.0" encoding="UTF-8"?>
<!-- Generated by org.testng.reporters.JUnitReportReporter -->
<testsuite skipped="0" hostname="DESKTOP-JETEBKU" name="com.jbk.Demo" tests="1" failures="0" timestamp="23 Mar 2022 17:19:44 GMT" time="2.754" errors="0">
  <testcase name="open" time="2.754" classname="com.jbk.Demo"/>
</testsuite> <!-- com.jbk.Demo -->
