<?xml version="1.0" encoding="UTF-8"?>
<!-- Generated by org.testng.reporters.JUnitReportReporter -->
<testsuite skipped="0" hostname="DESKTOP-JETEBKU" name="com.jbk.LoginNewTest" tests="2" failures="0" timestamp="10 Apr 2022 16:34:11 GMT" time="4.967" errors="0">
  <testcase name="IncorrectUnametestcase" time="3.551" classname="com.jbk.LoginNewTest"/>
  <testcase name="logintestcases" time="1.416" classname="com.jbk.LoginNewTest"/>
</testsuite> <!-- com.jbk.LoginNewTest -->
